2023-08-28 13:23:13,876:INFO:root:Save the YOLO format into a .txt file.
2023-08-28 13:23:13,876:INFO:root:Successfully completed the conversion from Pascal format to YOLO format.
2023-08-28 13:23:29,018:INFO:root:Split the panda dataset into train, validation and test sets
2023-08-28 13:23:29,218:INFO:root:Split the fox dataset into train, validation and test sets
2023-08-28 13:23:29,339:INFO:root:Split the rhino dataset into train, validation and test sets
2023-08-28 13:23:29,545:INFO:root:Split the tiger dataset into train, validation and test sets
2023-08-28 13:23:29,910:INFO:root:Split the buffalo dataset into train, validation and test sets
2023-08-28 13:23:30,154:INFO:root:Split the cheetah dataset into train, validation and test sets
2023-08-28 13:23:30,319:INFO:root:Split the elephant dataset into train, validation and test sets
2023-08-28 13:23:30,677:INFO:root:Split the zebra dataset into train, validation and test sets
2023-08-28 13:23:31,019:INFO:root:Split the jaguar dataset into train, validation and test sets
2023-08-28 13:23:31,322:INFO:root:Split the lion dataset into train, validation and test sets
2023-08-28 13:23:31,322:INFO:root:Successfully completed the datasets splitting.
2023-08-29 17:07:05,225:INFO:root:Detected Image
2023-08-29 18:30:56,262:INFO:root:Detected Image
2024-10-16 12:42:53,048:WARNING:tensorflow:From C:\Users\jaypr\AppData\Local\Programs\Python\Python312\Lib\site-packages\keras\src\backend\common\global_state.py:82: The name tf.reset_default_graph is deprecated. Please use tf.compat.v1.reset_default_graph instead.

2024-10-16 13:12:52,622:WARNING:tensorflow:From C:\Users\jaypr\AppData\Local\Programs\Python\Python312\Lib\site-packages\keras\src\backend\common\global_state.py:82: The name tf.reset_default_graph is deprecated. Please use tf.compat.v1.reset_default_graph instead.

2024-10-16 13:45:22,987:INFO:root:Detected Image
2024-10-16 16:35:16,466:WARNING:tensorflow:From C:\Users\jaypr\AppData\Local\Programs\Python\Python312\Lib\site-packages\keras\src\backend\common\global_state.py:82: The name tf.reset_default_graph is deprecated. Please use tf.compat.v1.reset_default_graph instead.

2024-10-16 17:19:15,555:WARNING:tensorflow:From C:\Users\jaypr\AppData\Local\Programs\Python\Python312\Lib\site-packages\keras\src\backend\common\global_state.py:82: The name tf.reset_default_graph is deprecated. Please use tf.compat.v1.reset_default_graph instead.

2024-10-16 22:47:53,071:INFO:root:Video processing stopped
2024-10-16 22:47:56,807:WARNING:tensorflow:From C:\Users\jaypr\AppData\Local\Programs\Python\Python312\Lib\site-packages\keras\src\backend\common\global_state.py:82: The name tf.reset_default_graph is deprecated. Please use tf.compat.v1.reset_default_graph instead.

2024-10-16 23:04:08,760:WARNING:tensorflow:From C:\Users\jaypr\AppData\Local\Programs\Python\Python312\Lib\site-packages\keras\src\backend\common\global_state.py:82: The name tf.reset_default_graph is deprecated. Please use tf.compat.v1.reset_default_graph instead.

2025-05-18 10:54:31,032:INFO:root:Detected Image
